<?xml version="1.0" encoding="utf-8" standalone="no"?>
<!--This file represents the results of running a test suite-->
<test-results name="Example.exe" total="0" failures="0" not-run="0" date="2017-05-06" time="11:52:37">
  <environment nunit-version="2.4.8.0" clr-version="4.0.30319.42000" os-version="Unix 14.5.0.0" platform="Unix" cwd="/Users/tasuku/Project/ChainX/tmp" machine-name="takahashimigi-no-MacBook-Air.local" user="tasuku" user-domain="takahashimigi-no-MacBook-Air.local" />
  <culture-info current-culture="ja-JP" current-uiculture="ja-JP" />
  <test-suite name="Example.exe" success="True" time="0.001" asserts="0">
    <results />
  </test-suite>
</test-results>